<?xml version="1.0" encoding="utf-8"?><testsuites name="pytest tests"><testsuite name="pytest" errors="0" failures="0" skipped="0" tests="7" time="6.091" timestamp="2026-09-11T11:06:24.823686+00:00" hostname="agent-env-a489222a-2564-47b1-a3f4-764bfa2acc45"><testcase classname="tests.test_juspatrimonium.TestCommunications" name="test_consent_text" time="0.623" /><testcase classname="tests.test_juspatrimonium.TestCommunications" name="test_upload_rejects_without_consent" time="0.044" /><testcase classname="tests.test_juspatrimonium.TestCommunications" name="test_upload_with_consent_masks_pii" time="0.083" /><testcase classname="tests.test_juspatrimonium.TestCommunications" name="test_list_and_get_communication" time="0.088" /><testcase classname="tests.test_juspatrimonium.TestCommunications" name="test_analyze_contradiction" time="4.378" /><testcase classname="tests.test_juspatrimonium.TestCommunications" name="test_latest_analysis" time="0.046" /><testcase classname="tests.test_juspatrimonium.TestCommunications" name="test_casefile_includes_communications_snapshot" time="0.211" /></testsuite></testsuites>