<?xml version="1.0" encoding="utf-8"?><testsuites name="pytest tests"><testsuite name="pytest" errors="0" failures="0" skipped="0" tests="24" time="3.780" timestamp="2026-09-11T10:45:03.104585+00:00" hostname="agent-env-a489222a-2564-47b1-a3f4-764bfa2acc45"><testcase classname="tests.test_juspatrimonium.TestAuth" name="test_root" time="0.384" /><testcase classname="tests.test_juspatrimonium.TestVault" name="test_stats" time="0.444" /><testcase classname="tests.test_juspatrimonium.TestVault" name="test_recent" time="0.268" /><testcase classname="tests.test_juspatrimonium.TestAuth" name="test_admin_login" time="0.435" /><testcase classname="tests.test_juspatrimonium.TestVault" name="test_search" time="0.059" /><testcase classname="tests.test_juspatrimonium.TestVault" name="test_dataset_preview" time="0.042" /><testcase classname="tests.test_juspatrimonium.TestDocuments" name="test_presets" time="0.042" /><testcase classname="tests.test_juspatrimonium.TestAuth" name="test_login_bad" time="0.381" /><testcase classname="tests.test_juspatrimonium.TestDocuments" name="test_paste_and_list" time="0.106" /><testcase classname="tests.test_juspatrimonium.TestDocuments" name="test_upload_txt" time="0.238" /><testcase classname="tests.test_juspatrimonium.TestAuth" name="test_me_unauth" time="0.079" /><testcase classname="tests.test_juspatrimonium.TestGenerator" name="test_types" time="0.054" /><testcase classname="tests.test_juspatrimonium.TestGenerator" name="test_export_pdf" time="0.054" /><testcase classname="tests.test_juspatrimonium.TestAuth" name="test_register_and_login" time="0.474" /><testcase classname="tests.test_juspatrimonium.TestGenerator" name="test_export_docx" time="0.311" /><testcase classname="tests.test_juspatrimonium.TestMisc" name="test_agents_list" time="0.081" /><testcase classname="tests.test_juspatrimonium.TestMisc" name="test_dashboard" time="0.051" /><testcase classname="tests.test_juspatrimonium.TestCaseFiles" name="test_create_casefile_and_pdf" time="1.329" /><testcase classname="tests.test_juspatrimonium.TestAdminLawyers" name="test_lawyer_endpoints_admin_only" time="0.600" /><testcase classname="tests.test_juspatrimonium.TestAdminLawyers" name="test_create_and_list_lawyer" time="0.696" /><testcase classname="tests.test_juspatrimonium.TestAdminLawyers" name="test_duplicate_email_rejected" time="0.037" /><testcase classname="tests.test_juspatrimonium.TestCaseFiles" name="test_invalid_status_rejected" time="0.072" /><testcase classname="tests.test_juspatrimonium.TestCompliance" name="test_compliance_info" time="0.079" /><testcase classname="tests.test_juspatrimonium.TestDamage" name="test_template_and_save" time="0.099" /></testsuite></testsuites>