<?xml version="1.0" encoding="utf-8"?><testsuites name="pytest tests"><testsuite name="pytest" errors="0" failures="1" skipped="0" tests="20" time="56.448" timestamp="2026-09-11T09:56:50.300846+00:00" hostname="agent-env-a489222a-2564-47b1-a3f4-764bfa2acc45"><testcase classname="tests.test_juspatrimonium.TestAuth" name="test_root" time="0.214" /><testcase classname="tests.test_juspatrimonium.TestGenerator" name="test_types" time="0.714" /><testcase classname="tests.test_juspatrimonium.TestAuth" name="test_admin_login" time="0.577" /><testcase classname="tests.test_juspatrimonium.TestGenerator" name="test_export_pdf" time="0.062" /><testcase classname="tests.test_juspatrimonium.TestGenerator" name="test_export_docx" time="0.070" /><testcase classname="tests.test_juspatrimonium.TestAuth" name="test_login_bad" time="0.328" /><testcase classname="tests.test_juspatrimonium.TestGenerator" name="test_draft_llm" time="54.724" /><testcase classname="tests.test_juspatrimonium.TestAuth" name="test_me_unauth" time="0.178" /><testcase classname="tests.test_juspatrimonium.TestAuth" name="test_register_and_login" time="0.514" /><testcase classname="tests.test_juspatrimonium.TestDocuments" name="test_presets" time="0.042" /><testcase classname="tests.test_juspatrimonium.TestDocuments" name="test_paste_and_list" time="0.180" /><testcase classname="tests.test_juspatrimonium.TestDocuments" name="test_upload_txt" time="0.038" /><testcase classname="tests.test_juspatrimonium.TestMisc" name="test_agents_list" time="0.075" /><testcase classname="tests.test_juspatrimonium.TestMisc" name="test_dashboard" time="0.053" /><testcase classname="tests.test_juspatrimonium.TestDamage" name="test_template_and_save" time="0.153" /><testcase classname="tests.test_juspatrimonium.TestOrchestrator" name="test_run_full_flow" time="6.131"><failure message="AssertionError: Orchestrator did not complete: status=failed, error=Failed to generate chat completion: litellm.RateLimitError: RateLimitError: OpenAIException - Error code: 429 - {'error': 'concurrent_request_limit', 'message': 'Unlock parallel requests by upgrading to Standard or Pro plan.', 'code': 'CONCURRENCY_REQUEST_LIMIT'}&#10;assert 'failed' == 'completed'&#10;  &#10;  - completed&#10;  + failed">E   AssertionError: Orchestrator did not complete: status=failed, error=Failed to generate chat completion: litellm.RateLimitError: RateLimitError: OpenAIException - Error code: 429 - {'error': 'concurrent_request_limit', 'message': 'Unlock parallel requests by upgrading to Standard or Pro plan.', 'code': 'CONCURRENCY_REQUEST_LIMIT'}
    assert 'failed' == 'completed'
      
      - completed
      + failed</failure></testcase><testcase classname="tests.test_juspatrimonium.TestVault" name="test_stats" time="0.082" /><testcase classname="tests.test_juspatrimonium.TestVault" name="test_recent" time="0.046" /><testcase classname="tests.test_juspatrimonium.TestVault" name="test_search" time="0.161" /><testcase classname="tests.test_juspatrimonium.TestVault" name="test_dataset_preview" time="0.069" /></testsuite></testsuites>